2020-12-19 23:40:25.587 [restartedMain] INFO  hxy.hbao.HbaoApplication - Starting HbaoApplication using Java 11.0.8 on MS-AGARVTHMSPTH with PID 10548 (E:\springPrj\IDEAPrj\target\classes started by Administrator in E:\springPrj\IDEAPrj)
2020-12-19 23:40:25.591 [restartedMain] INFO  hxy.hbao.HbaoApplication - No active profile set, falling back to default profiles: default
2020-12-19 23:40:25.699 [restartedMain] INFO  o.s.b.d.env.DevToolsPropertyDefaultsPostProcessor - Devtools property defaults active! Set 'spring.devtools.add-properties' to 'false' to disable
2020-12-19 23:40:25.700 [restartedMain] INFO  o.s.b.d.env.DevToolsPropertyDefaultsPostProcessor - For additional web related logging consider setting the 'logging.level.web' property to 'DEBUG'
2020-12-19 23:40:27.054 [restartedMain] INFO  o.s.boot.web.embedded.tomcat.TomcatWebServer - Tomcat initialized with port(s): 8080 (http)
2020-12-19 23:40:27.065 [restartedMain] INFO  org.apache.coyote.http11.Http11NioProtocol - Initializing ProtocolHandler ["http-nio-8080"]
2020-12-19 23:40:27.065 [restartedMain] INFO  org.apache.catalina.core.StandardService - Starting service [Tomcat]
2020-12-19 23:40:27.066 [restartedMain] INFO  org.apache.catalina.core.StandardEngine - Starting Servlet engine: [Apache Tomcat/9.0.41]
2020-12-19 23:40:27.153 [restartedMain] INFO  o.a.c.core.ContainerBase.[Tomcat].[localhost].[/] - Initializing Spring embedded WebApplicationContext
2020-12-19 23:40:27.154 [restartedMain] INFO  o.s.b.w.s.c.ServletWebServerApplicationContext - Root WebApplicationContext: initialization completed in 1451 ms
2020-12-19 23:40:27.365 [restartedMain] INFO  o.s.scheduling.concurrent.ThreadPoolTaskExecutor - Initializing ExecutorService 'applicationTaskExecutor'
2020-12-19 23:40:27.516 [restartedMain] WARN  o.s.b.a.t.ThymeleafAutoConfiguration$DefaultTemplateResolverConfiguration - Cannot find template location: classpath:/templates/ (please add some templates or check your Thymeleaf configuration)
2020-12-19 23:40:27.618 [restartedMain] INFO  o.s.b.d.autoconfigure.OptionalLiveReloadServer - LiveReload server is running on port 35729
2020-12-19 23:40:27.653 [restartedMain] INFO  org.apache.coyote.http11.Http11NioProtocol - Starting ProtocolHandler ["http-nio-8080"]
2020-12-19 23:40:27.680 [restartedMain] INFO  o.s.boot.web.embedded.tomcat.TomcatWebServer - Tomcat started on port(s): 8080 (http) with context path ''
2020-12-19 23:40:27.697 [restartedMain] INFO  hxy.hbao.HbaoApplication - Started HbaoApplication in 3.153 seconds (JVM running for 5.417)
2020-12-19 23:40:45.443 [http-nio-8080-exec-1] INFO  o.a.c.core.ContainerBase.[Tomcat].[localhost].[/] - Initializing Spring DispatcherServlet 'dispatcherServlet'
2020-12-19 23:40:45.444 [http-nio-8080-exec-1] INFO  org.springframework.web.servlet.DispatcherServlet - Initializing Servlet 'dispatcherServlet'
2020-12-19 23:40:45.446 [http-nio-8080-exec-1] INFO  org.springframework.web.servlet.DispatcherServlet - Completed initialization in 2 ms
2020-12-19 23:40:45.483 [http-nio-8080-exec-1] INFO  traceInfo - print info log.
2020-12-19 23:40:45.484 [http-nio-8080-exec-1] ERROR traceInfo - print error log.
2020-12-19 23:40:55.936 [http-nio-8080-exec-2] INFO  traceInfo - print info log.
2020-12-19 23:40:55.937 [http-nio-8080-exec-2] ERROR traceInfo - print error log.
2020-12-19 23:40:59.275 [http-nio-8080-exec-3] INFO  traceInfo - print info log.
2020-12-19 23:40:59.275 [http-nio-8080-exec-3] ERROR traceInfo - print error log.
2020-12-19 23:40:59.938 [http-nio-8080-exec-4] INFO  traceInfo - print info log.
2020-12-19 23:40:59.939 [http-nio-8080-exec-4] ERROR traceInfo - print error log.
2020-12-19 23:41:25.409 [http-nio-8080-exec-1] ERROR traceInfo - print error log.
2020-12-19 23:42:08.581 [http-nio-8080-exec-2] ERROR traceInfo - print error log.
2020-12-19 23:42:51.682 [http-nio-8080-exec-4] ERROR traceInfo - print error log.
2020-12-19 23:43:13.843 [restartedMain] INFO  hxy.hbao.HbaoApplication - Starting HbaoApplication using Java 11.0.8 on MS-AGARVTHMSPTH with PID 7696 (E:\springPrj\IDEAPrj\target\classes started by Administrator in E:\springPrj\IDEAPrj)
2020-12-19 23:43:13.850 [restartedMain] INFO  hxy.hbao.HbaoApplication - No active profile set, falling back to default profiles: default
2020-12-19 23:43:13.976 [restartedMain] INFO  o.s.b.d.env.DevToolsPropertyDefaultsPostProcessor - Devtools property defaults active! Set 'spring.devtools.add-properties' to 'false' to disable
2020-12-19 23:43:13.977 [restartedMain] INFO  o.s.b.d.env.DevToolsPropertyDefaultsPostProcessor - For additional web related logging consider setting the 'logging.level.web' property to 'DEBUG'
2020-12-19 23:43:15.946 [restartedMain] INFO  o.s.boot.web.embedded.tomcat.TomcatWebServer - Tomcat initialized with port(s): 8080 (http)
2020-12-19 23:43:15.956 [restartedMain] INFO  org.apache.coyote.http11.Http11NioProtocol - Initializing ProtocolHandler ["http-nio-8080"]
2020-12-19 23:43:15.957 [restartedMain] INFO  org.apache.catalina.core.StandardService - Starting service [Tomcat]
2020-12-19 23:43:15.957 [restartedMain] INFO  org.apache.catalina.core.StandardEngine - Starting Servlet engine: [Apache Tomcat/9.0.41]
2020-12-19 23:43:16.045 [restartedMain] INFO  o.a.c.core.ContainerBase.[Tomcat].[localhost].[/] - Initializing Spring embedded WebApplicationContext
2020-12-19 23:43:16.046 [restartedMain] INFO  o.s.b.w.s.c.ServletWebServerApplicationContext - Root WebApplicationContext: initialization completed in 2068 ms
2020-12-19 23:43:16.264 [restartedMain] INFO  o.s.scheduling.concurrent.ThreadPoolTaskExecutor - Initializing ExecutorService 'applicationTaskExecutor'
2020-12-19 23:43:16.427 [restartedMain] WARN  o.s.b.a.t.ThymeleafAutoConfiguration$DefaultTemplateResolverConfiguration - Cannot find template location: classpath:/templates/ (please add some templates or check your Thymeleaf configuration)
2020-12-19 23:43:16.492 [restartedMain] INFO  o.s.b.d.autoconfigure.OptionalLiveReloadServer - LiveReload server is running on port 35729
2020-12-19 23:43:16.511 [restartedMain] INFO  org.apache.coyote.http11.Http11NioProtocol - Starting ProtocolHandler ["http-nio-8080"]
2020-12-19 23:43:16.535 [restartedMain] INFO  o.s.boot.web.embedded.tomcat.TomcatWebServer - Tomcat started on port(s): 8080 (http) with context path ''
2020-12-19 23:43:16.552 [restartedMain] INFO  hxy.hbao.HbaoApplication - Started HbaoApplication in 4.304 seconds (JVM running for 7.92)
2020-12-20 00:34:18.472 [http-nio-8080-exec-1] INFO  o.a.c.core.ContainerBase.[Tomcat].[localhost].[/] - Initializing Spring DispatcherServlet 'dispatcherServlet'
2020-12-20 00:34:18.473 [http-nio-8080-exec-1] INFO  org.springframework.web.servlet.DispatcherServlet - Initializing Servlet 'dispatcherServlet'
2020-12-20 00:34:18.475 [http-nio-8080-exec-1] INFO  org.springframework.web.servlet.DispatcherServlet - Completed initialization in 1 ms
2020-12-20 00:34:18.496 [http-nio-8080-exec-1] INFO  traceInfo - print info log.
2020-12-20 00:34:18.497 [http-nio-8080-exec-1] ERROR traceInfo - print error log.
